modules/prayer-lock/android/build/intermediates/manifest_merge_blame_file/debug/processDebugManifest/manifest-merger-blame-debug-report.txt
1<?xml version="1.0" encoding="utf-8"?>
2<manifest xmlns:android="http://schemas.android.com/apk/res/android"
3    xmlns:tools="http://schemas.android.com/tools"
4    package="expo.modules.prayerlock" >
5
6    <uses-sdk android:minSdkVersion="24" />
7
8    <uses-permission android:name="android.permission.SYSTEM_ALERT_WINDOW" />
8-->src\main\AndroidManifest.xml:5:3-76
8-->src\main\AndroidManifest.xml:5:20-73
9    <uses-permission
9-->src\main\AndroidManifest.xml:6:3-112
10        android:name="android.permission.PACKAGE_USAGE_STATS"
10-->src\main\AndroidManifest.xml:6:20-73
11        tools:ignore="ProtectedPermissions" />
11-->src\main\AndroidManifest.xml:6:74-109
12    <uses-permission android:name="android.permission.FOREGROUND_SERVICE" />
12-->src\main\AndroidManifest.xml:7:3-75
12-->src\main\AndroidManifest.xml:7:20-72
13    <uses-permission android:name="android.permission.FOREGROUND_SERVICE_SPECIAL_USE" />
13-->src\main\AndroidManifest.xml:8:3-87
13-->src\main\AndroidManifest.xml:8:20-84
14
15    <application>
15-->src\main\AndroidManifest.xml:10:3-12:17
16        <service
16-->src\main\AndroidManifest.xml:11:5-93
17            android:name="expo.modules.prayerlock.PrayerLockService"
17-->src\main\AndroidManifest.xml:11:14-47
18            android:foregroundServiceType="specialUse" />
18-->src\main\AndroidManifest.xml:11:48-90
19    </application>
20
21</manifest>